2024-11-15 14:51:50.410 | ERROR    | src.api.routes.parcels:create_parcel:57 - Error registering parcel: No active exception to reraise
2024-11-15 14:52:19.816 | ERROR    | src.api.routes.parcels:create_parcel:57 - Error registering parcel: 
2024-11-15 14:53:59.538 | ERROR    | src.api.routes.parcels:create_parcel:57 - Error registering parcel: sdsds
2024-11-15 16:01:00.264 | ERROR    | src.api.routes.parcels:get_parcel:151 - Error retrieving parcel with ID=232: 'parcel_id'
2024-11-15 16:01:39.353 | ERROR    | src.api.routes.parcels:get_parcel:151 - Error retrieving parcel with ID=232: 'parcel_id'
2024-11-15 16:04:10.282 | ERROR    | src.api.routes.parcels:get_parcel:151 - Error retrieving parcel with ID=333: 'parcel_id'
2024-11-15 16:04:58.561 | ERROR    | src.api.routes.parcels:get_parcel:151 - Error retrieving parcel with ID=333: 'parcel_id'
2024-11-15 16:08:52.977 | ERROR    | src.api.routes.parcels:get_parcel:151 - Error retrieving parcel with ID=333: 'parcel_id'
2024-11-15 16:09:24.756 | ERROR    | src.api.routes.parcels:get_parcel:151 - Error retrieving parcel with ID=333: 'parcel_id'
2024-11-15 16:10:51.616 | ERROR    | src.api.routes.parcels:get_parcel:151 - Error retrieving parcel with ID=333: 'parcel_id'
2024-11-15 16:13:33.662 | WARNING  | src.api.routes.parcels:get_parcel:147 - Resource not found: Parcel with ID=333 not found
2024-11-15 16:27:09.650 | INFO     | src.api.routes.debug:trigger_debug_task:20 - Running debug event: all
2024-11-15 16:27:10.514 | INFO     | src.api.routes.debug:trigger_debug_task:26 - Debug event 'all' completed successfully
2024-11-15 16:43:41.150 | INFO     | src.services.currency:fetch_currency_data:20 - Currency data updated in Redis
2024-11-15 16:44:56.042 | INFO     | src.services.currency:fetch_currency_data:20 - Currency data updated in Redis
2024-11-15 16:48:04.247 | INFO     | src.services.currency:fetch_currency_data:20 - Currency data updated in Redis
2024-11-15 16:48:04.283 | INFO     | src.services.shipping:handle_shipping_cost:31 - No parcels found requiring shipping cost calculation
2024-11-15 16:52:01.460 | INFO     | src.services.currency:fetch_currency_data:20 - Currency data updated in Redis
2024-11-15 16:52:01.496 | INFO     | src.services.shipping:handle_shipping_cost:31 - No parcels found requiring shipping cost calculation
2024-11-15 16:52:08.865 | INFO     | src.services.currency:fetch_currency_data:20 - Currency data updated in Redis
2024-11-15 16:52:08.898 | INFO     | src.services.shipping:handle_shipping_cost:31 - No parcels found
2024-11-15 16:52:25.728 | INFO     | src.services.currency:fetch_currency_data:20 - Currency data updated in Redis
2024-11-15 16:52:25.768 | INFO     | src.services.shipping:handle_shipping_cost:31 - No parcels found
2024-11-15 16:52:55.667 | INFO     | src.services.currency:fetch_currency_data:20 - Currency data updated in Redis
2024-11-15 16:52:55.702 | INFO     | src.services.shipping:handle_shipping_cost:31 - No parcels found
2024-11-15 16:54:59.839 | INFO     | src.services.currency:fetch_currency_data:20 - Currency data updated in Redis
2024-11-15 16:54:59.874 | INFO     | src.services.shipping:handle_shipping_cost:31 - No parcels found
2024-11-15 16:55:34.950 | INFO     | src.services.currency:fetch_currency_data:20 - Currency data updated
2024-11-15 16:55:34.983 | INFO     | src.services.shipping:handle_shipping_cost:31 - No parcels found
2024-11-15 16:56:41.584 | INFO     | src.services.currency:fetch_currency_data:20 - Currency data updated
2024-11-15 16:56:41.619 | INFO     | src.services.shipping:handle_shipping_cost:31 - No parcels found
2024-11-15 16:56:54.584 | INFO     | src.services.currency:fetch_currency_data:20 - Currency data updated
2024-11-15 16:56:54.614 | INFO     | src.services.shipping:handle_shipping_cost:31 - No unregistered parcels found
2024-11-15 16:58:04.538 | INFO     | src.api.routes.debug:trigger_debug_task:20 - Running debug event: all
2024-11-15 16:58:04.539 | INFO     | src.core.events:run_debug_events:27 - Running debug event: all
2024-11-15 16:58:04.540 | DEBUG    | src.core.events:run_debug_events:31 - Running currency fetch task
2024-11-15 16:58:04.779 | INFO     | src.services.currency:fetch_currency_data:20 - Currency data updated
2024-11-15 16:58:04.781 | DEBUG    | src.core.events:run_debug_events:35 - Running shipping cost calculation task
2024-11-15 16:58:04.794 | INFO     | src.services.shipping:handle_shipping_cost:31 - No unregistered parcels found
2024-11-15 16:58:04.798 | INFO     | src.core.events:run_debug_events:39 - Debug event 'all' completed successfully
2024-11-15 16:58:04.799 | INFO     | src.api.routes.debug:trigger_debug_task:26 - Debug event 'all' completed successfully
2024-11-15 17:00:24.740 | INFO     | src.services.currency:fetch_currency_data:20 - Currency data updated
2024-11-15 17:00:24.773 | INFO     | src.services.shipping:handle_shipping_cost:31 - No unregistered parcels found
2024-11-15 17:01:41.206 | WARNING  | src.api.routes.parcels:get_parcel:147 - Resource not found: Parcel with ID=0 not found
2024-11-15 17:03:11.922 | INFO     | src.services.currency:fetch_currency_data:20 - Currency data updated
2024-11-15 17:03:11.975 | INFO     | src.services.shipping:handle_shipping_cost:31 - No unregistered parcels found
2024-11-15 17:07:27.936 | INFO     | src.services.currency:fetch_currency_data:20 - Currency data updated
2024-11-15 17:07:27.973 | INFO     | src.services.shipping:handle_shipping_cost:31 - No unregistered parcels found
2024-11-15 17:09:02.422 | INFO     | src.services.currency:fetch_currency_data:20 - Currency data updated
2024-11-15 17:09:02.463 | INFO     | src.services.shipping:handle_shipping_cost:31 - No unregistered parcels found
2024-11-15 17:09:47.495 | INFO     | src.services.currency:fetch_currency_data:20 - Currency data updated
2024-11-15 17:09:47.537 | INFO     | src.services.shipping:handle_shipping_cost:31 - No unregistered parcels found
2024-11-15 17:11:44.318 | INFO     | src.services.currency:fetch_currency_data:20 - Currency data updated
2024-11-15 17:11:44.354 | INFO     | src.services.shipping:handle_shipping_cost:31 - No unregistered parcels found
2024-11-15 17:13:18.029 | INFO     | src.services.currency:fetch_currency_data:20 - Currency data updated
2024-11-15 17:13:18.065 | INFO     | src.services.shipping:handle_shipping_cost:31 - No unregistered parcels found
2024-11-15 17:16:14.613 | INFO     | src.services.currency:fetch_currency_data:20 - Currency data updated
2024-11-15 17:16:14.644 | INFO     | src.services.shipping:handle_shipping_cost:31 - No unregistered parcels found
2024-11-15 17:18:34.037 | INFO     | src.services.currency:fetch_currency_data:20 - Currency data updated
2024-11-15 17:18:34.071 | INFO     | src.services.shipping:handle_shipping_cost:31 - No unregistered parcels found
2024-11-15 17:18:40.454 | INFO     | src.services.currency:fetch_currency_data:20 - Currency data updated
2024-11-15 17:18:40.490 | INFO     | src.services.shipping:handle_shipping_cost:31 - No unregistered parcels found
2024-11-15 17:19:03.068 | INFO     | src.services.currency:fetch_currency_data:20 - Currency data updated
2024-11-15 17:19:03.102 | INFO     | src.services.shipping:handle_shipping_cost:31 - No unregistered parcels found
2024-11-15 17:19:16.085 | INFO     | src.services.currency:fetch_currency_data:20 - Currency data updated
2024-11-15 17:19:16.123 | INFO     | src.services.shipping:handle_shipping_cost:31 - No unregistered parcels found
2024-11-15 17:20:12.203 | INFO     | src.services.currency:fetch_currency_data:20 - Currency data updated
2024-11-15 17:20:12.242 | INFO     | src.services.shipping:handle_shipping_cost:31 - No unregistered parcels found
